INFO:root:Epoch 0, Step 500, loss: 0.1724, disc_loss: 0.0307, PESQ: 1.4282
INFO:root:Epoch 0, Step 1000, loss: 0.1507, disc_loss: 0.0247, PESQ: 1.5729
INFO:root:Epoch 0, Step 1500, loss: 0.1367, disc_loss: 0.0192, PESQ: 1.6573
INFO:root:TEST - Generator loss: 0.0739, Discriminator loss: 0.0115, PESQ: 2.2256
INFO:root:? Saved checkpoint_last.pt (epoch 0, val_loss: 0.073929)
INFO:root:?? NEW BEST! Saved checkpoint_best.pt (val_loss: 0.073929)
INFO:root:Epoch 1, Step 500, loss: 0.0942, disc_loss: 0.0064, PESQ: 1.8340
INFO:root:Epoch 1, Step 1000, loss: 0.0922, disc_loss: 0.0063, PESQ: 1.8456
INFO:root:Epoch 1, Step 1500, loss: 0.0908, disc_loss: 0.0063, PESQ: 1.8409
INFO:root:TEST - Generator loss: 0.0698, Discriminator loss: 0.0078, PESQ: 2.2766
INFO:root:? Saved checkpoint_last.pt (epoch 1, val_loss: 0.069815)
INFO:root:?? NEW BEST! Saved checkpoint_best.pt (val_loss: 0.069815)
INFO:root:Epoch 2, Step 500, loss: 0.0856, disc_loss: 0.0052, PESQ: 1.8710
INFO:root:Epoch 2, Step 1000, loss: 0.0842, disc_loss: 0.0054, PESQ: 1.8901
INFO:root:Epoch 2, Step 1500, loss: 0.0837, disc_loss: 0.0053, PESQ: 1.9043
INFO:root:TEST - Generator loss: 0.0604, Discriminator loss: 0.0054, PESQ: 2.3786
INFO:root:? Saved checkpoint_last.pt (epoch 2, val_loss: 0.060425)
INFO:root:?? NEW BEST! Saved checkpoint_best.pt (val_loss: 0.060425)
INFO:root:Epoch 3, Step 500, loss: 0.0809, disc_loss: 0.0047, PESQ: 1.9701
INFO:root:Epoch 3, Step 1000, loss: 0.0807, disc_loss: 0.0047, PESQ: 1.9715
INFO:root:Epoch 3, Step 1500, loss: 0.0800, disc_loss: 0.0047, PESQ: 1.9824
INFO:root:TEST - Generator loss: 0.0619, Discriminator loss: 0.0052, PESQ: 2.4726
INFO:root:? Saved checkpoint_last.pt (epoch 3, val_loss: 0.061861)
INFO:root:Epoch 4, Step 500, loss: 0.0776, disc_loss: 0.0044, PESQ: 1.9994
INFO:root:Epoch 4, Step 1000, loss: 0.0764, disc_loss: 0.0043, PESQ: 2.0070
INFO:root:Epoch 4, Step 1500, loss: 0.0759, disc_loss: 0.0042, PESQ: 2.0109
INFO:root:TEST - Generator loss: 0.0553, Discriminator loss: 0.0043, PESQ: 2.5086
INFO:root:? Saved checkpoint_last.pt (epoch 4, val_loss: 0.055308)
INFO:root:?? NEW BEST! Saved checkpoint_best.pt (val_loss: 0.055308)
INFO:root:Epoch 5, Step 500, loss: 0.0735, disc_loss: 0.0042, PESQ: 2.0147
INFO:root:Epoch 5, Step 1000, loss: 0.0727, disc_loss: 0.0043, PESQ: 2.0400
INFO:root:Epoch 5, Step 1500, loss: 0.0723, disc_loss: 0.0043, PESQ: 2.0471
INFO:root:TEST - Generator loss: 0.0503, Discriminator loss: 0.0057, PESQ: 2.5134
INFO:root:? Saved checkpoint_last.pt (epoch 5, val_loss: 0.050287)
INFO:root:?? NEW BEST! Saved checkpoint_best.pt (val_loss: 0.050287)
INFO:root:Epoch 6, Step 500, loss: 0.0703, disc_loss: 0.0039, PESQ: 2.0775
INFO:root:Epoch 6, Step 1000, loss: 0.0712, disc_loss: 0.0038, PESQ: 2.0687
INFO:root:Epoch 6, Step 1500, loss: 0.0708, disc_loss: 0.0038, PESQ: 2.0775
INFO:root:TEST - Generator loss: 0.0525, Discriminator loss: 0.0071, PESQ: 2.5544
INFO:root:? Saved checkpoint_last.pt (epoch 6, val_loss: 0.052502)
INFO:root:Epoch 7, Step 500, loss: 0.0696, disc_loss: 0.0037, PESQ: 2.1039
INFO:root:Epoch 7, Step 1000, loss: 0.0697, disc_loss: 0.0038, PESQ: 2.1002
INFO:root:Epoch 7, Step 1500, loss: 0.0698, disc_loss: 0.0039, PESQ: 2.1020
INFO:root:TEST - Generator loss: 0.0486, Discriminator loss: 0.0051, PESQ: 2.5835
INFO:root:? Saved checkpoint_last.pt (epoch 7, val_loss: 0.048611)
INFO:root:?? NEW BEST! Saved checkpoint_best.pt (val_loss: 0.048611)
INFO:root:Epoch 8, Step 500, loss: 0.0687, disc_loss: 0.0037, PESQ: 2.1313
INFO:root:Epoch 8, Step 1000, loss: 0.0691, disc_loss: 0.0036, PESQ: 2.1196
INFO:root:Epoch 8, Step 1500, loss: 0.0690, disc_loss: 0.0036, PESQ: 2.1270
INFO:root:TEST - Generator loss: 0.0491, Discriminator loss: 0.0063, PESQ: 2.5661
INFO:root:? Saved checkpoint_last.pt (epoch 8, val_loss: 0.049134)
INFO:root:Epoch 9, Step 500, loss: 0.0686, disc_loss: 0.0037, PESQ: 2.1276
INFO:root:Epoch 9, Step 1000, loss: 0.0684, disc_loss: 0.0037, PESQ: 2.1423
INFO:root:Epoch 9, Step 1500, loss: 0.0680, disc_loss: 0.0036, PESQ: 2.1508
INFO:root:TEST - Generator loss: 0.0482, Discriminator loss: 0.0046, PESQ: 2.6188
INFO:root:? Saved checkpoint_last.pt (epoch 9, val_loss: 0.048156)
INFO:root:?? NEW BEST! Saved checkpoint_best.pt (val_loss: 0.048156)
INFO:root:Epoch 10, Step 500, loss: 0.0672, disc_loss: 0.0037, PESQ: 2.1778
INFO:root:Epoch 10, Step 1000, loss: 0.0671, disc_loss: 0.0034, PESQ: 2.1811
INFO:root:Epoch 10, Step 1500, loss: 0.0675, disc_loss: 0.0034, PESQ: 2.1750
INFO:root:TEST - Generator loss: 0.0481, Discriminator loss: 0.0053, PESQ: 2.5747
INFO:root:? Saved checkpoint_last.pt (epoch 10, val_loss: 0.048102)
INFO:root:?? NEW BEST! Saved checkpoint_best.pt (val_loss: 0.048102)
INFO:root:Epoch 11, Step 500, loss: 0.0665, disc_loss: 0.0033, PESQ: 2.1903
INFO:root:Epoch 11, Step 1000, loss: 0.0667, disc_loss: 0.0034, PESQ: 2.1792
INFO:root:Epoch 11, Step 1500, loss: 0.0668, disc_loss: 0.0033, PESQ: 2.1792
INFO:root:TEST - Generator loss: 0.0477, Discriminator loss: 0.0051, PESQ: 2.6139
INFO:root:? Saved checkpoint_last.pt (epoch 11, val_loss: 0.047663)
INFO:root:?? NEW BEST! Saved checkpoint_best.pt (val_loss: 0.047663)
INFO:root:Epoch 12, Step 500, loss: 0.0668, disc_loss: 0.0035, PESQ: 2.1877
INFO:root:Epoch 12, Step 1000, loss: 0.0665, disc_loss: 0.0033, PESQ: 2.1943
INFO:root:Epoch 12, Step 1500, loss: 0.0666, disc_loss: 0.0033, PESQ: 2.1918
INFO:root:TEST - Generator loss: 0.0474, Discriminator loss: 0.0050, PESQ: 2.6243
INFO:root:? Saved checkpoint_last.pt (epoch 12, val_loss: 0.047412)
INFO:root:?? NEW BEST! Saved checkpoint_best.pt (val_loss: 0.047412)
INFO:root:Epoch 13, Step 500, loss: 0.0662, disc_loss: 0.0034, PESQ: 2.1930
INFO:root:Epoch 13, Step 1000, loss: 0.0659, disc_loss: 0.0033, PESQ: 2.2077
INFO:root:Epoch 13, Step 1500, loss: 0.0660, disc_loss: 0.0033, PESQ: 2.2057
INFO:root:TEST - Generator loss: 0.0466, Discriminator loss: 0.0064, PESQ: 2.5955
INFO:root:? Saved checkpoint_last.pt (epoch 13, val_loss: 0.046641)
INFO:root:?? NEW BEST! Saved checkpoint_best.pt (val_loss: 0.046641)
INFO:root:Epoch 14, Step 500, loss: 0.0654, disc_loss: 0.0032, PESQ: 2.2182
INFO:root:Epoch 14, Step 1000, loss: 0.0657, disc_loss: 0.0031, PESQ: 2.2155
INFO:root:Epoch 14, Step 1500, loss: 0.0658, disc_loss: 0.0031, PESQ: 2.2108
INFO:root:TEST - Generator loss: 0.0464, Discriminator loss: 0.0054, PESQ: 2.6630
INFO:root:? Saved checkpoint_last.pt (epoch 14, val_loss: 0.046432)
INFO:root:?? NEW BEST! Saved checkpoint_best.pt (val_loss: 0.046432)
INFO:root:Epoch 15, Step 500, loss: 0.0659, disc_loss: 0.0030, PESQ: 2.2154
INFO:root:Epoch 15, Step 1000, loss: 0.0657, disc_loss: 0.0030, PESQ: 2.2230
INFO:root:Epoch 15, Step 1500, loss: 0.0655, disc_loss: 0.0030, PESQ: 2.2243
INFO:root:TEST - Generator loss: 0.0470, Discriminator loss: 0.0051, PESQ: 2.6718
INFO:root:? Saved checkpoint_last.pt (epoch 15, val_loss: 0.046953)
INFO:root:Epoch 16, Step 500, loss: 0.0656, disc_loss: 0.0031, PESQ: 2.2345
INFO:root:Epoch 16, Step 1000, loss: 0.0651, disc_loss: 0.0030, PESQ: 2.2379
INFO:root:Epoch 16, Step 1500, loss: 0.0653, disc_loss: 0.0030, PESQ: 2.2326
INFO:root:TEST - Generator loss: 0.0464, Discriminator loss: 0.0056, PESQ: 2.6360
INFO:root:? Saved checkpoint_last.pt (epoch 16, val_loss: 0.046367)
INFO:root:?? NEW BEST! Saved checkpoint_best.pt (val_loss: 0.046367)
INFO:root:Epoch 17, Step 500, loss: 0.0655, disc_loss: 0.0029, PESQ: 2.2370
INFO:root:Epoch 17, Step 1000, loss: 0.0651, disc_loss: 0.0030, PESQ: 2.2404
INFO:root:Epoch 17, Step 1500, loss: 0.0648, disc_loss: 0.0030, PESQ: 2.2490
INFO:root:TEST - Generator loss: 0.0469, Discriminator loss: 0.0051, PESQ: 2.6284
INFO:root:? Saved checkpoint_last.pt (epoch 17, val_loss: 0.046908)
INFO:root:Epoch 18, Step 500, loss: 0.0639, disc_loss: 0.0030, PESQ: 2.2653
INFO:root:Epoch 18, Step 1000, loss: 0.0639, disc_loss: 0.0031, PESQ: 2.2639
INFO:root:Epoch 18, Step 1500, loss: 0.0641, disc_loss: 0.0031, PESQ: 2.2632
INFO:root:TEST - Generator loss: 0.0458, Discriminator loss: 0.0052, PESQ: 2.6740
INFO:root:? Saved checkpoint_last.pt (epoch 18, val_loss: 0.045787)
INFO:root:?? NEW BEST! Saved checkpoint_best.pt (val_loss: 0.045787)
INFO:root:Epoch 19, Step 500, loss: 0.0639, disc_loss: 0.0029, PESQ: 2.2643
INFO:root:Epoch 19, Step 1000, loss: 0.0641, disc_loss: 0.0031, PESQ: 2.2686
INFO:root:Epoch 19, Step 1500, loss: 0.0644, disc_loss: 0.0030, PESQ: 2.2616
INFO:root:TEST - Generator loss: 0.0455, Discriminator loss: 0.0050, PESQ: 2.6840
INFO:root:? Saved checkpoint_last.pt (epoch 19, val_loss: 0.045479)
INFO:root:?? NEW BEST! Saved checkpoint_best.pt (val_loss: 0.045479)
INFO:root:Epoch 20, Step 500, loss: 0.0646, disc_loss: 0.0029, PESQ: 2.2719
INFO:root:Epoch 20, Step 1000, loss: 0.0644, disc_loss: 0.0028, PESQ: 2.2716
INFO:root:Epoch 20, Step 1500, loss: 0.0642, disc_loss: 0.0029, PESQ: 2.2714
INFO:root:TEST - Generator loss: 0.0458, Discriminator loss: 0.0054, PESQ: 2.6850
INFO:root:? Saved checkpoint_last.pt (epoch 20, val_loss: 0.045752)
INFO:root:Epoch 21, Step 500, loss: 0.0644, disc_loss: 0.0028, PESQ: 2.2719
INFO:root:Epoch 21, Step 1000, loss: 0.0638, disc_loss: 0.0028, PESQ: 2.2770
INFO:root:Epoch 21, Step 1500, loss: 0.0639, disc_loss: 0.0029, PESQ: 2.2789
INFO:root:TEST - Generator loss: 0.0456, Discriminator loss: 0.0048, PESQ: 2.6921
INFO:root:? Saved checkpoint_last.pt (epoch 21, val_loss: 0.045555)
INFO:root:Epoch 22, Step 500, loss: 0.0631, disc_loss: 0.0027, PESQ: 2.2807
INFO:root:Epoch 22, Step 1000, loss: 0.0636, disc_loss: 0.0028, PESQ: 2.2755
INFO:root:Epoch 22, Step 1500, loss: 0.0635, disc_loss: 0.0029, PESQ: 2.2804
INFO:root:TEST - Generator loss: 0.0454, Discriminator loss: 0.0051, PESQ: 2.6727
INFO:root:? Saved checkpoint_last.pt (epoch 22, val_loss: 0.045366)
INFO:root:?? NEW BEST! Saved checkpoint_best.pt (val_loss: 0.045366)
INFO:root:Epoch 23, Step 500, loss: 0.0635, disc_loss: 0.0028, PESQ: 2.2893
INFO:root:Epoch 23, Step 1000, loss: 0.0632, disc_loss: 0.0029, PESQ: 2.2928
INFO:root:Epoch 23, Step 1500, loss: 0.0635, disc_loss: 0.0028, PESQ: 2.2906
INFO:root:TEST - Generator loss: 0.0476, Discriminator loss: 0.0048, PESQ: 2.6616
INFO:root:? Saved checkpoint_last.pt (epoch 23, val_loss: 0.047639)
INFO:root:Epoch 24, Step 500, loss: 0.0630, disc_loss: 0.0026, PESQ: 2.3002
INFO:root:Epoch 24, Step 1000, loss: 0.0627, disc_loss: 0.0026, PESQ: 2.3076
INFO:root:Epoch 24, Step 1500, loss: 0.0629, disc_loss: 0.0027, PESQ: 2.3062
INFO:root:TEST - Generator loss: 0.0448, Discriminator loss: 0.0048, PESQ: 2.7042
INFO:root:? Saved checkpoint_last.pt (epoch 24, val_loss: 0.044838)
INFO:root:?? NEW BEST! Saved checkpoint_best.pt (val_loss: 0.044838)
INFO:root:Epoch 25, Step 500, loss: 0.0630, disc_loss: 0.0027, PESQ: 2.2981
INFO:root:Epoch 25, Step 1000, loss: 0.0629, disc_loss: 0.0028, PESQ: 2.2990
INFO:root:Epoch 25, Step 1500, loss: 0.0629, disc_loss: 0.0028, PESQ: 2.2998
INFO:root:TEST - Generator loss: 0.0462, Discriminator loss: 0.0047, PESQ: 2.6765
INFO:root:? Saved checkpoint_last.pt (epoch 25, val_loss: 0.046213)
INFO:root:Epoch 26, Step 500, loss: 0.0621, disc_loss: 0.0028, PESQ: 2.3148
INFO:root:Epoch 26, Step 1000, loss: 0.0623, disc_loss: 0.0028, PESQ: 2.3194
INFO:root:Epoch 26, Step 1500, loss: 0.0628, disc_loss: 0.0028, PESQ: 2.3006
INFO:root:TEST - Generator loss: 0.0461, Discriminator loss: 0.0053, PESQ: 2.6517
INFO:root:? Saved checkpoint_last.pt (epoch 26, val_loss: 0.046086)
INFO:root:Epoch 27, Step 500, loss: 0.0632, disc_loss: 0.0029, PESQ: 2.2881
INFO:root:Epoch 27, Step 1000, loss: 0.0629, disc_loss: 0.0028, PESQ: 2.2985
INFO:root:Epoch 27, Step 1500, loss: 0.0626, disc_loss: 0.0027, PESQ: 2.3041
INFO:root:TEST - Generator loss: 0.0447, Discriminator loss: 0.0051, PESQ: 2.6669
INFO:root:? Saved checkpoint_last.pt (epoch 27, val_loss: 0.044685)
INFO:root:?? NEW BEST! Saved checkpoint_best.pt (val_loss: 0.044685)
INFO:root:Epoch 28, Step 500, loss: 0.0626, disc_loss: 0.0026, PESQ: 2.3064
INFO:root:Epoch 28, Step 1000, loss: 0.0624, disc_loss: 0.0027, PESQ: 2.3187
INFO:root:Epoch 28, Step 1500, loss: 0.0623, disc_loss: 0.0027, PESQ: 2.3186
INFO:root:TEST - Generator loss: 0.0452, Discriminator loss: 0.0048, PESQ: 2.6820
INFO:root:? Saved checkpoint_last.pt (epoch 28, val_loss: 0.045215)
INFO:root:Epoch 29, Step 500, loss: 0.0627, disc_loss: 0.0026, PESQ: 2.3077
INFO:root:Epoch 29, Step 1000, loss: 0.0623, disc_loss: 0.0026, PESQ: 2.3125
INFO:root:Epoch 29, Step 1500, loss: 0.0621, disc_loss: 0.0027, PESQ: 2.3193
INFO:root:TEST - Generator loss: 0.0449, Discriminator loss: 0.0058, PESQ: 2.6690
INFO:root:? Saved checkpoint_last.pt (epoch 29, val_loss: 0.044943)
INFO:root:Epoch 30, Step 500, loss: 0.0613, disc_loss: 0.0027, PESQ: 2.3381
INFO:root:Epoch 30, Step 1000, loss: 0.0618, disc_loss: 0.0027, PESQ: 2.3317
INFO:root:Epoch 30, Step 1500, loss: 0.0620, disc_loss: 0.0027, PESQ: 2.3218
INFO:root:TEST - Generator loss: 0.0447, Discriminator loss: 0.0049, PESQ: 2.7063
INFO:root:? Saved checkpoint_last.pt (epoch 30, val_loss: 0.044669)
INFO:root:?? NEW BEST! Saved checkpoint_best.pt (val_loss: 0.044669)
INFO:root:Epoch 31, Step 500, loss: 0.0618, disc_loss: 0.0027, PESQ: 2.3261
INFO:root:Epoch 31, Step 1000, loss: 0.0621, disc_loss: 0.0027, PESQ: 2.3304
INFO:root:Epoch 31, Step 1500, loss: 0.0619, disc_loss: 0.0027, PESQ: 2.3265
INFO:root:TEST - Generator loss: 0.0447, Discriminator loss: 0.0042, PESQ: 2.7153
INFO:root:? Saved checkpoint_last.pt (epoch 31, val_loss: 0.044722)
INFO:root:Epoch 32, Step 500, loss: 0.0611, disc_loss: 0.0027, PESQ: 2.3415
INFO:root:Epoch 32, Step 1000, loss: 0.0613, disc_loss: 0.0026, PESQ: 2.3342
INFO:root:Epoch 32, Step 1500, loss: 0.0614, disc_loss: 0.0027, PESQ: 2.3343
INFO:root:TEST - Generator loss: 0.0443, Discriminator loss: 0.0046, PESQ: 2.7020
INFO:root:? Saved checkpoint_last.pt (epoch 32, val_loss: 0.044320)
INFO:root:?? NEW BEST! Saved checkpoint_best.pt (val_loss: 0.044320)
INFO:root:Epoch 33, Step 500, loss: 0.0620, disc_loss: 0.0028, PESQ: 2.3334
INFO:root:Epoch 33, Step 1000, loss: 0.0618, disc_loss: 0.0027, PESQ: 2.3348
INFO:root:Epoch 33, Step 1500, loss: 0.0612, disc_loss: 0.0027, PESQ: 2.3465
INFO:root:TEST - Generator loss: 0.0445, Discriminator loss: 0.0049, PESQ: 2.7022
INFO:root:? Saved checkpoint_last.pt (epoch 33, val_loss: 0.044539)
INFO:root:Epoch 34, Step 500, loss: 0.0613, disc_loss: 0.0027, PESQ: 2.3411
INFO:root:Epoch 34, Step 1000, loss: 0.0613, disc_loss: 0.0026, PESQ: 2.3396
INFO:root:Epoch 34, Step 1500, loss: 0.0610, disc_loss: 0.0026, PESQ: 2.3488
INFO:root:TEST - Generator loss: 0.0446, Discriminator loss: 0.0053, PESQ: 2.6825
INFO:root:? Saved checkpoint_last.pt (epoch 34, val_loss: 0.044642)
INFO:root:Epoch 35, Step 500, loss: 0.0609, disc_loss: 0.0027, PESQ: 2.3699
INFO:root:Epoch 35, Step 1000, loss: 0.0610, disc_loss: 0.0027, PESQ: 2.3558
INFO:root:Epoch 35, Step 1500, loss: 0.0609, disc_loss: 0.0026, PESQ: 2.3541
INFO:root:TEST - Generator loss: 0.0443, Discriminator loss: 0.0046, PESQ: 2.7421
INFO:root:? Saved checkpoint_last.pt (epoch 35, val_loss: 0.044251)
INFO:root:?? NEW BEST! Saved checkpoint_best.pt (val_loss: 0.044251)
INFO:root:Epoch 36, Step 500, loss: 0.0604, disc_loss: 0.0025, PESQ: 2.3798
INFO:root:Epoch 36, Step 1000, loss: 0.0611, disc_loss: 0.0025, PESQ: 2.3560
INFO:root:Epoch 36, Step 1500, loss: 0.0611, disc_loss: 0.0026, PESQ: 2.3563
INFO:root:TEST - Generator loss: 0.0446, Discriminator loss: 0.0051, PESQ: 2.6905
INFO:root:? Saved checkpoint_last.pt (epoch 36, val_loss: 0.044640)
INFO:root:Epoch 37, Step 500, loss: 0.0620, disc_loss: 0.0025, PESQ: 2.3415
INFO:root:Epoch 37, Step 1000, loss: 0.0617, disc_loss: 0.0025, PESQ: 2.3393
INFO:root:Epoch 37, Step 1500, loss: 0.0610, disc_loss: 0.0026, PESQ: 2.3556
INFO:root:TEST - Generator loss: 0.0451, Discriminator loss: 0.0050, PESQ: 2.6767
INFO:root:? Saved checkpoint_last.pt (epoch 37, val_loss: 0.045144)
INFO:root:Epoch 38, Step 500, loss: 0.0608, disc_loss: 0.0026, PESQ: 2.3570
INFO:root:Epoch 38, Step 1000, loss: 0.0606, disc_loss: 0.0026, PESQ: 2.3641
INFO:root:Epoch 38, Step 1500, loss: 0.0607, disc_loss: 0.0025, PESQ: 2.3625
INFO:root:TEST - Generator loss: 0.0454, Discriminator loss: 0.0045, PESQ: 2.7062
INFO:root:? Saved checkpoint_last.pt (epoch 38, val_loss: 0.045402)
INFO:root:Epoch 39, Step 500, loss: 0.0604, disc_loss: 0.0026, PESQ: 2.3709
INFO:root:Epoch 39, Step 1000, loss: 0.0604, disc_loss: 0.0026, PESQ: 2.3697
INFO:root:Epoch 39, Step 1500, loss: 0.0603, disc_loss: 0.0026, PESQ: 2.3727
INFO:root:TEST - Generator loss: 0.0445, Discriminator loss: 0.0045, PESQ: 2.7325
INFO:root:? Saved checkpoint_last.pt (epoch 39, val_loss: 0.044510)
INFO:root:Epoch 40, Step 500, loss: 0.0599, disc_loss: 0.0027, PESQ: 2.3805
INFO:root:Epoch 40, Step 1000, loss: 0.0598, disc_loss: 0.0026, PESQ: 2.3826
INFO:root:Epoch 40, Step 1500, loss: 0.0602, disc_loss: 0.0026, PESQ: 2.3780
INFO:root:TEST - Generator loss: 0.0440, Discriminator loss: 0.0056, PESQ: 2.7087
INFO:root:? Saved checkpoint_last.pt (epoch 40, val_loss: 0.044035)
INFO:root:?? NEW BEST! Saved checkpoint_best.pt (val_loss: 0.044035)
INFO:root:Epoch 41, Step 500, loss: 0.0602, disc_loss: 0.0025, PESQ: 2.3881
INFO:root:Epoch 41, Step 1000, loss: 0.0604, disc_loss: 0.0025, PESQ: 2.3643
INFO:root:Epoch 41, Step 1500, loss: 0.0603, disc_loss: 0.0025, PESQ: 2.3699
INFO:root:TEST - Generator loss: 0.0444, Discriminator loss: 0.0047, PESQ: 2.7208
INFO:root:? Saved checkpoint_last.pt (epoch 41, val_loss: 0.044428)
INFO:root:Epoch 42, Step 500, loss: 0.0598, disc_loss: 0.0027, PESQ: 2.3813
INFO:root:Epoch 42, Step 1000, loss: 0.0601, disc_loss: 0.0026, PESQ: 2.3737
INFO:root:Epoch 42, Step 1500, loss: 0.0598, disc_loss: 0.0027, PESQ: 2.3821
INFO:root:TEST - Generator loss: 0.0434, Discriminator loss: 0.0044, PESQ: 2.7127
INFO:root:? Saved checkpoint_last.pt (epoch 42, val_loss: 0.043446)
INFO:root:?? NEW BEST! Saved checkpoint_best.pt (val_loss: 0.043446)
INFO:root:Epoch 43, Step 500, loss: 0.0593, disc_loss: 0.0025, PESQ: 2.3988
INFO:root:Epoch 43, Step 1000, loss: 0.0601, disc_loss: 0.0026, PESQ: 2.3808
INFO:root:Epoch 43, Step 1500, loss: 0.0602, disc_loss: 0.0026, PESQ: 2.3783
INFO:root:TEST - Generator loss: 0.0435, Discriminator loss: 0.0049, PESQ: 2.7214
INFO:root:? Saved checkpoint_last.pt (epoch 43, val_loss: 0.043470)
INFO:root:Epoch 44, Step 500, loss: 0.0595, disc_loss: 0.0025, PESQ: 2.3902
INFO:root:Epoch 44, Step 1000, loss: 0.0599, disc_loss: 0.0026, PESQ: 2.3899
INFO:root:Epoch 44, Step 1500, loss: 0.0601, disc_loss: 0.0026, PESQ: 2.3857
INFO:root:TEST - Generator loss: 0.0436, Discriminator loss: 0.0046, PESQ: 2.7447
INFO:root:? Saved checkpoint_last.pt (epoch 44, val_loss: 0.043604)
INFO:root:Epoch 45, Step 500, loss: 0.0599, disc_loss: 0.0024, PESQ: 2.3804
INFO:root:Epoch 45, Step 1000, loss: 0.0603, disc_loss: 0.0025, PESQ: 2.3752
INFO:root:Epoch 45, Step 1500, loss: 0.0603, disc_loss: 0.0025, PESQ: 2.3781
INFO:root:TEST - Generator loss: 0.0436, Discriminator loss: 0.0054, PESQ: 2.6976
INFO:root:? Saved checkpoint_last.pt (epoch 45, val_loss: 0.043626)
INFO:root:Epoch 46, Step 500, loss: 0.0601, disc_loss: 0.0024, PESQ: 2.3715
INFO:root:Epoch 46, Step 1000, loss: 0.0603, disc_loss: 0.0024, PESQ: 2.3792
INFO:root:Epoch 46, Step 1500, loss: 0.0600, disc_loss: 0.0024, PESQ: 2.3848
INFO:root:TEST - Generator loss: 0.0439, Discriminator loss: 0.0062, PESQ: 2.7069
INFO:root:? Saved checkpoint_last.pt (epoch 46, val_loss: 0.043889)
INFO:root:Epoch 47, Step 500, loss: 0.0603, disc_loss: 0.0026, PESQ: 2.3813
INFO:root:Epoch 47, Step 1000, loss: 0.0597, disc_loss: 0.0025, PESQ: 2.3941
INFO:root:Epoch 47, Step 1500, loss: 0.0597, disc_loss: 0.0025, PESQ: 2.3940
INFO:root:TEST - Generator loss: 0.0452, Discriminator loss: 0.0051, PESQ: 2.6930
INFO:root:? Saved checkpoint_last.pt (epoch 47, val_loss: 0.045213)
INFO:root:Epoch 48, Step 500, loss: 0.0599, disc_loss: 0.0023, PESQ: 2.3821
INFO:root:Epoch 48, Step 1000, loss: 0.0598, disc_loss: 0.0025, PESQ: 2.3868
INFO:root:Epoch 48, Step 1500, loss: 0.0598, disc_loss: 0.0025, PESQ: 2.3889
INFO:root:TEST - Generator loss: 0.0441, Discriminator loss: 0.0046, PESQ: 2.7166
INFO:root:? Saved checkpoint_last.pt (epoch 48, val_loss: 0.044104)
INFO:root:Epoch 49, Step 500, loss: 0.0585, disc_loss: 0.0026, PESQ: 2.4184
INFO:root:Epoch 49, Step 1000, loss: 0.0592, disc_loss: 0.0025, PESQ: 2.4057
INFO:root:Epoch 49, Step 1500, loss: 0.0595, disc_loss: 0.0025, PESQ: 2.3983
INFO:root:TEST - Generator loss: 0.0443, Discriminator loss: 0.0054, PESQ: 2.7046
INFO:root:? Saved checkpoint_last.pt (epoch 49, val_loss: 0.044349)
INFO:root:Epoch 50, Step 500, loss: 0.0598, disc_loss: 0.0027, PESQ: 2.4014
INFO:root:Epoch 50, Step 1000, loss: 0.0597, disc_loss: 0.0025, PESQ: 2.3948
INFO:root:Epoch 50, Step 1500, loss: 0.0596, disc_loss: 0.0026, PESQ: 2.3980
INFO:root:TEST - Generator loss: 0.0433, Discriminator loss: 0.0047, PESQ: 2.7513
INFO:root:? Saved checkpoint_last.pt (epoch 50, val_loss: 0.043342)
INFO:root:?? NEW BEST! Saved checkpoint_best.pt (val_loss: 0.043342)
INFO:root:Epoch 51, Step 500, loss: 0.0595, disc_loss: 0.0023, PESQ: 2.3995
INFO:root:Epoch 51, Step 1000, loss: 0.0596, disc_loss: 0.0024, PESQ: 2.3943
INFO:root:Epoch 51, Step 1500, loss: 0.0596, disc_loss: 0.0024, PESQ: 2.3973
INFO:root:TEST - Generator loss: 0.0437, Discriminator loss: 0.0045, PESQ: 2.7605
INFO:root:? Saved checkpoint_last.pt (epoch 51, val_loss: 0.043719)
INFO:root:Epoch 52, Step 500, loss: 0.0589, disc_loss: 0.0025, PESQ: 2.4136
INFO:root:Epoch 52, Step 1000, loss: 0.0594, disc_loss: 0.0025, PESQ: 2.3973
INFO:root:Epoch 52, Step 1500, loss: 0.0596, disc_loss: 0.0025, PESQ: 2.3934
INFO:root:TEST - Generator loss: 0.0435, Discriminator loss: 0.0048, PESQ: 2.7005
INFO:root:? Saved checkpoint_last.pt (epoch 52, val_loss: 0.043504)
INFO:root:Epoch 53, Step 500, loss: 0.0595, disc_loss: 0.0025, PESQ: 2.3863
INFO:root:Epoch 53, Step 1000, loss: 0.0592, disc_loss: 0.0025, PESQ: 2.4028
INFO:root:Epoch 53, Step 1500, loss: 0.0593, disc_loss: 0.0025, PESQ: 2.4058
INFO:root:TEST - Generator loss: 0.0431, Discriminator loss: 0.0044, PESQ: 2.7737
INFO:root:? Saved checkpoint_last.pt (epoch 53, val_loss: 0.043114)
INFO:root:?? NEW BEST! Saved checkpoint_best.pt (val_loss: 0.043114)
INFO:root:Epoch 54, Step 500, loss: 0.0593, disc_loss: 0.0023, PESQ: 2.4125
INFO:root:Epoch 54, Step 1000, loss: 0.0592, disc_loss: 0.0025, PESQ: 2.4123
INFO:root:Epoch 54, Step 1500, loss: 0.0593, disc_loss: 0.0025, PESQ: 2.4092
INFO:root:TEST - Generator loss: 0.0435, Discriminator loss: 0.0046, PESQ: 2.7604
INFO:root:? Saved checkpoint_last.pt (epoch 54, val_loss: 0.043542)
INFO:root:Epoch 55, Step 500, loss: 0.0590, disc_loss: 0.0023, PESQ: 2.4270
INFO:root:Epoch 55, Step 1000, loss: 0.0591, disc_loss: 0.0024, PESQ: 2.4148
INFO:root:Epoch 55, Step 1500, loss: 0.0592, disc_loss: 0.0024, PESQ: 2.4111
INFO:root:TEST - Generator loss: 0.0429, Discriminator loss: 0.0047, PESQ: 2.7626
INFO:root:? Saved checkpoint_last.pt (epoch 55, val_loss: 0.042926)
INFO:root:?? NEW BEST! Saved checkpoint_best.pt (val_loss: 0.042926)
INFO:root:Epoch 56, Step 500, loss: 0.0590, disc_loss: 0.0024, PESQ: 2.4182
INFO:root:Epoch 56, Step 1000, loss: 0.0588, disc_loss: 0.0025, PESQ: 2.4264
INFO:root:Epoch 56, Step 1500, loss: 0.0591, disc_loss: 0.0024, PESQ: 2.4133
INFO:root:TEST - Generator loss: 0.0438, Discriminator loss: 0.0056, PESQ: 2.7050
INFO:root:? Saved checkpoint_last.pt (epoch 56, val_loss: 0.043832)
INFO:root:Epoch 57, Step 500, loss: 0.0596, disc_loss: 0.0023, PESQ: 2.4040
INFO:root:Epoch 57, Step 1000, loss: 0.0592, disc_loss: 0.0024, PESQ: 2.4097
INFO:root:Epoch 57, Step 1500, loss: 0.0594, disc_loss: 0.0024, PESQ: 2.4076
INFO:root:TEST - Generator loss: 0.0432, Discriminator loss: 0.0046, PESQ: 2.7525
INFO:root:? Saved checkpoint_last.pt (epoch 57, val_loss: 0.043154)
INFO:root:Epoch 58, Step 500, loss: 0.0595, disc_loss: 0.0023, PESQ: 2.4119
INFO:root:Epoch 58, Step 1000, loss: 0.0594, disc_loss: 0.0024, PESQ: 2.4093
INFO:root:Epoch 58, Step 1500, loss: 0.0592, disc_loss: 0.0025, PESQ: 2.4107
INFO:root:TEST - Generator loss: 0.0443, Discriminator loss: 0.0049, PESQ: 2.7419
INFO:root:? Saved checkpoint_last.pt (epoch 58, val_loss: 0.044258)
INFO:root:Epoch 59, Step 500, loss: 0.0594, disc_loss: 0.0022, PESQ: 2.4130
INFO:root:Epoch 59, Step 1000, loss: 0.0592, disc_loss: 0.0023, PESQ: 2.4164
INFO:root:Epoch 59, Step 1500, loss: 0.0592, disc_loss: 0.0024, PESQ: 2.4176
INFO:root:TEST - Generator loss: 0.0432, Discriminator loss: 0.0048, PESQ: 2.7642
INFO:root:? Saved checkpoint_last.pt (epoch 59, val_loss: 0.043167)
INFO:root:Epoch 60, Step 500, loss: 0.0581, disc_loss: 0.0024, PESQ: 2.4334
INFO:root:Epoch 60, Step 1000, loss: 0.0585, disc_loss: 0.0025, PESQ: 2.4247
INFO:root:Epoch 60, Step 1500, loss: 0.0586, disc_loss: 0.0025, PESQ: 2.4214
INFO:root:TEST - Generator loss: 0.0432, Discriminator loss: 0.0049, PESQ: 2.7531
INFO:root:? Saved checkpoint_last.pt (epoch 60, val_loss: 0.043163)
INFO:root:Epoch 61, Step 500, loss: 0.0590, disc_loss: 0.0025, PESQ: 2.4263
INFO:root:Epoch 61, Step 1000, loss: 0.0588, disc_loss: 0.0024, PESQ: 2.4212
INFO:root:Epoch 61, Step 1500, loss: 0.0588, disc_loss: 0.0024, PESQ: 2.4243
INFO:root:TEST - Generator loss: 0.0450, Discriminator loss: 0.0054, PESQ: 2.6789
INFO:root:? Saved checkpoint_last.pt (epoch 61, val_loss: 0.045019)
INFO:root:Epoch 62, Step 500, loss: 0.0588, disc_loss: 0.0022, PESQ: 2.4137
INFO:root:Epoch 62, Step 1000, loss: 0.0587, disc_loss: 0.0024, PESQ: 2.4230
INFO:root:Epoch 62, Step 1500, loss: 0.0588, disc_loss: 0.0024, PESQ: 2.4203
INFO:root:TEST - Generator loss: 0.0429, Discriminator loss: 0.0048, PESQ: 2.7309
INFO:root:? Saved checkpoint_last.pt (epoch 62, val_loss: 0.042895)
INFO:root:?? NEW BEST! Saved checkpoint_best.pt (val_loss: 0.042895)
INFO:root:Epoch 63, Step 500, loss: 0.0588, disc_loss: 0.0024, PESQ: 2.4208
INFO:root:Epoch 63, Step 1000, loss: 0.0584, disc_loss: 0.0025, PESQ: 2.4358
INFO:root:Epoch 63, Step 1500, loss: 0.0584, disc_loss: 0.0025, PESQ: 2.4343
INFO:root:TEST - Generator loss: 0.0430, Discriminator loss: 0.0049, PESQ: 2.7477
INFO:root:? Saved checkpoint_last.pt (epoch 63, val_loss: 0.042970)
INFO:root:Epoch 64, Step 500, loss: 0.0586, disc_loss: 0.0025, PESQ: 2.4223
INFO:root:Epoch 64, Step 1000, loss: 0.0585, disc_loss: 0.0025, PESQ: 2.4298
INFO:root:Epoch 64, Step 1500, loss: 0.0585, disc_loss: 0.0025, PESQ: 2.4302
INFO:root:TEST - Generator loss: 0.0433, Discriminator loss: 0.0052, PESQ: 2.7498
INFO:root:? Saved checkpoint_last.pt (epoch 64, val_loss: 0.043300)
INFO:root:Epoch 65, Step 500, loss: 0.0592, disc_loss: 0.0025, PESQ: 2.4313
INFO:root:Epoch 65, Step 1000, loss: 0.0588, disc_loss: 0.0024, PESQ: 2.4257
INFO:root:Epoch 65, Step 1500, loss: 0.0587, disc_loss: 0.0024, PESQ: 2.4298
INFO:root:TEST - Generator loss: 0.0429, Discriminator loss: 0.0052, PESQ: 2.7635
INFO:root:? Saved checkpoint_last.pt (epoch 65, val_loss: 0.042919)
INFO:root:Epoch 66, Step 500, loss: 0.0588, disc_loss: 0.0026, PESQ: 2.4301
INFO:root:Epoch 66, Step 1000, loss: 0.0584, disc_loss: 0.0026, PESQ: 2.4395
INFO:root:Epoch 66, Step 1500, loss: 0.0584, disc_loss: 0.0025, PESQ: 2.4341
INFO:root:TEST - Generator loss: 0.0433, Discriminator loss: 0.0047, PESQ: 2.7394
INFO:root:? Saved checkpoint_last.pt (epoch 66, val_loss: 0.043262)
INFO:root:Epoch 67, Step 500, loss: 0.0579, disc_loss: 0.0025, PESQ: 2.4501
INFO:root:Epoch 67, Step 1000, loss: 0.0583, disc_loss: 0.0024, PESQ: 2.4376
INFO:root:Epoch 67, Step 1500, loss: 0.0585, disc_loss: 0.0024, PESQ: 2.4326
INFO:root:TEST - Generator loss: 0.0436, Discriminator loss: 0.0050, PESQ: 2.7196
INFO:root:? Saved checkpoint_last.pt (epoch 67, val_loss: 0.043615)
INFO:root:Epoch 68, Step 500, loss: 0.0582, disc_loss: 0.0024, PESQ: 2.4351
INFO:root:Epoch 68, Step 1000, loss: 0.0583, disc_loss: 0.0024, PESQ: 2.4301
INFO:root:Epoch 68, Step 1500, loss: 0.0586, disc_loss: 0.0024, PESQ: 2.4287
INFO:root:TEST - Generator loss: 0.0431, Discriminator loss: 0.0044, PESQ: 2.7660
INFO:root:? Saved checkpoint_last.pt (epoch 68, val_loss: 0.043067)
INFO:root:Epoch 69, Step 500, loss: 0.0587, disc_loss: 0.0023, PESQ: 2.4264
INFO:root:Epoch 69, Step 1000, loss: 0.0582, disc_loss: 0.0022, PESQ: 2.4381
INFO:root:Epoch 69, Step 1500, loss: 0.0584, disc_loss: 0.0023, PESQ: 2.4380
INFO:root:TEST - Generator loss: 0.0424, Discriminator loss: 0.0042, PESQ: 2.7654
INFO:root:? Saved checkpoint_last.pt (epoch 69, val_loss: 0.042367)
INFO:root:?? NEW BEST! Saved checkpoint_best.pt (val_loss: 0.042367)
INFO:root:Epoch 70, Step 500, loss: 0.0582, disc_loss: 0.0024, PESQ: 2.4518
INFO:root:Epoch 70, Step 1000, loss: 0.0585, disc_loss: 0.0023, PESQ: 2.4337
INFO:root:Epoch 70, Step 1500, loss: 0.0586, disc_loss: 0.0023, PESQ: 2.4352
INFO:root:TEST - Generator loss: 0.0456, Discriminator loss: 0.0050, PESQ: 2.7054
INFO:root:? Saved checkpoint_last.pt (epoch 70, val_loss: 0.045644)
INFO:root:Epoch 71, Step 500, loss: 0.0580, disc_loss: 0.0024, PESQ: 2.4430
INFO:root:Epoch 71, Step 1000, loss: 0.0584, disc_loss: 0.0024, PESQ: 2.4333
INFO:root:Epoch 71, Step 1500, loss: 0.0583, disc_loss: 0.0023, PESQ: 2.4348
INFO:root:TEST - Generator loss: 0.0430, Discriminator loss: 0.0045, PESQ: 2.7572
INFO:root:? Saved checkpoint_last.pt (epoch 71, val_loss: 0.043028)
INFO:root:Epoch 72, Step 500, loss: 0.0591, disc_loss: 0.0022, PESQ: 2.4263
INFO:root:Epoch 72, Step 1000, loss: 0.0587, disc_loss: 0.0023, PESQ: 2.4328
INFO:root:Epoch 72, Step 1500, loss: 0.0582, disc_loss: 0.0023, PESQ: 2.4441
INFO:root:TEST - Generator loss: 0.0441, Discriminator loss: 0.0044, PESQ: 2.7523
INFO:root:? Saved checkpoint_last.pt (epoch 72, val_loss: 0.044073)
INFO:root:Epoch 73, Step 500, loss: 0.0588, disc_loss: 0.0023, PESQ: 2.4284
INFO:root:Epoch 73, Step 1000, loss: 0.0586, disc_loss: 0.0023, PESQ: 2.4346
INFO:root:Epoch 73, Step 1500, loss: 0.0585, disc_loss: 0.0023, PESQ: 2.4312
INFO:root:TEST - Generator loss: 0.0429, Discriminator loss: 0.0050, PESQ: 2.7331
INFO:root:? Saved checkpoint_last.pt (epoch 73, val_loss: 0.042894)
INFO:root:Epoch 74, Step 500, loss: 0.0585, disc_loss: 0.0023, PESQ: 2.4184
INFO:root:Epoch 74, Step 1000, loss: 0.0586, disc_loss: 0.0023, PESQ: 2.4289
INFO:root:Epoch 74, Step 1500, loss: 0.0583, disc_loss: 0.0023, PESQ: 2.4386
INFO:root:TEST - Generator loss: 0.0433, Discriminator loss: 0.0050, PESQ: 2.7422
INFO:root:? Saved checkpoint_last.pt (epoch 74, val_loss: 0.043267)
INFO:root:Epoch 75, Step 500, loss: 0.0587, disc_loss: 0.0025, PESQ: 2.4340
INFO:root:Epoch 75, Step 1000, loss: 0.0583, disc_loss: 0.0023, PESQ: 2.4404
INFO:root:Epoch 75, Step 1500, loss: 0.0581, disc_loss: 0.0024, PESQ: 2.4423
INFO:root:TEST - Generator loss: 0.0431, Discriminator loss: 0.0044, PESQ: 2.7323
INFO:root:? Saved checkpoint_last.pt (epoch 75, val_loss: 0.043141)
INFO:root:Epoch 76, Step 500, loss: 0.0583, disc_loss: 0.0024, PESQ: 2.4521
INFO:root:Epoch 76, Step 1000, loss: 0.0581, disc_loss: 0.0024, PESQ: 2.4495
INFO:root:Epoch 76, Step 1500, loss: 0.0582, disc_loss: 0.0023, PESQ: 2.4400
INFO:root:TEST - Generator loss: 0.0430, Discriminator loss: 0.0053, PESQ: 2.7654
INFO:root:? Saved checkpoint_last.pt (epoch 76, val_loss: 0.043012)
INFO:root:Epoch 77, Step 500, loss: 0.0582, disc_loss: 0.0023, PESQ: 2.4392
INFO:root:Epoch 77, Step 1000, loss: 0.0585, disc_loss: 0.0023, PESQ: 2.4353
INFO:root:Epoch 77, Step 1500, loss: 0.0581, disc_loss: 0.0024, PESQ: 2.4430
INFO:root:TEST - Generator loss: 0.0426, Discriminator loss: 0.0044, PESQ: 2.7487
INFO:root:? Saved checkpoint_last.pt (epoch 77, val_loss: 0.042605)
INFO:root:Epoch 78, Step 500, loss: 0.0581, disc_loss: 0.0024, PESQ: 2.4429
INFO:root:Epoch 78, Step 1000, loss: 0.0580, disc_loss: 0.0023, PESQ: 2.4488
INFO:root:Epoch 78, Step 1500, loss: 0.0581, disc_loss: 0.0023, PESQ: 2.4455
INFO:root:TEST - Generator loss: 0.0427, Discriminator loss: 0.0053, PESQ: 2.7559
INFO:root:? Saved checkpoint_last.pt (epoch 78, val_loss: 0.042666)
INFO:root:Epoch 79, Step 500, loss: 0.0579, disc_loss: 0.0024, PESQ: 2.4546
INFO:root:Epoch 79, Step 1000, loss: 0.0581, disc_loss: 0.0024, PESQ: 2.4457
INFO:root:Epoch 79, Step 1500, loss: 0.0579, disc_loss: 0.0024, PESQ: 2.4494
INFO:root:TEST - Generator loss: 0.0432, Discriminator loss: 0.0050, PESQ: 2.7460
INFO:root:? Saved checkpoint_last.pt (epoch 79, val_loss: 0.043235)
INFO:root:Epoch 80, Step 500, loss: 0.0583, disc_loss: 0.0024, PESQ: 2.4352
INFO:root:Epoch 80, Step 1000, loss: 0.0581, disc_loss: 0.0023, PESQ: 2.4367
INFO:root:Epoch 80, Step 1500, loss: 0.0580, disc_loss: 0.0023, PESQ: 2.4443
INFO:root:TEST - Generator loss: 0.0432, Discriminator loss: 0.0047, PESQ: 2.7677
INFO:root:? Saved checkpoint_last.pt (epoch 80, val_loss: 0.043215)
INFO:root:Epoch 81, Step 500, loss: 0.0583, disc_loss: 0.0023, PESQ: 2.4278
INFO:root:Epoch 81, Step 1000, loss: 0.0583, disc_loss: 0.0023, PESQ: 2.4386
INFO:root:Epoch 81, Step 1500, loss: 0.0580, disc_loss: 0.0022, PESQ: 2.4426
INFO:root:TEST - Generator loss: 0.0425, Discriminator loss: 0.0047, PESQ: 2.7724
INFO:root:? Saved checkpoint_last.pt (epoch 81, val_loss: 0.042473)
INFO:root:Epoch 82, Step 500, loss: 0.0573, disc_loss: 0.0023, PESQ: 2.4602
INFO:root:Epoch 82, Step 1000, loss: 0.0577, disc_loss: 0.0023, PESQ: 2.4514
INFO:root:Epoch 82, Step 1500, loss: 0.0578, disc_loss: 0.0023, PESQ: 2.4535
INFO:root:TEST - Generator loss: 0.0425, Discriminator loss: 0.0046, PESQ: 2.7429
INFO:root:? Saved checkpoint_last.pt (epoch 82, val_loss: 0.042507)
INFO:root:Epoch 83, Step 500, loss: 0.0580, disc_loss: 0.0024, PESQ: 2.4402
INFO:root:Epoch 83, Step 1000, loss: 0.0576, disc_loss: 0.0023, PESQ: 2.4490
INFO:root:Epoch 83, Step 1500, loss: 0.0578, disc_loss: 0.0023, PESQ: 2.4477
INFO:root:TEST - Generator loss: 0.0435, Discriminator loss: 0.0054, PESQ: 2.7510
INFO:root:? Saved checkpoint_last.pt (epoch 83, val_loss: 0.043451)
INFO:root:Epoch 84, Step 500, loss: 0.0582, disc_loss: 0.0023, PESQ: 2.4535
INFO:root:Epoch 84, Step 1000, loss: 0.0580, disc_loss: 0.0024, PESQ: 2.4536
INFO:root:Epoch 84, Step 1500, loss: 0.0581, disc_loss: 0.0023, PESQ: 2.4462
INFO:root:TEST - Generator loss: 0.0451, Discriminator loss: 0.0050, PESQ: 2.7372
INFO:root:? Saved checkpoint_last.pt (epoch 84, val_loss: 0.045128)
INFO:root:Epoch 85, Step 500, loss: 0.0571, disc_loss: 0.0024, PESQ: 2.4693
INFO:root:Epoch 85, Step 1000, loss: 0.0573, disc_loss: 0.0023, PESQ: 2.4638
INFO:root:Epoch 85, Step 1500, loss: 0.0578, disc_loss: 0.0023, PESQ: 2.4562
INFO:root:TEST - Generator loss: 0.0429, Discriminator loss: 0.0045, PESQ: 2.7647
INFO:root:? Saved checkpoint_last.pt (epoch 85, val_loss: 0.042857)
INFO:root:Epoch 86, Step 500, loss: 0.0577, disc_loss: 0.0023, PESQ: 2.4478
INFO:root:Epoch 86, Step 1000, loss: 0.0572, disc_loss: 0.0023, PESQ: 2.4665
INFO:root:Epoch 86, Step 1500, loss: 0.0576, disc_loss: 0.0023, PESQ: 2.4592
INFO:root:TEST - Generator loss: 0.0428, Discriminator loss: 0.0046, PESQ: 2.7483
INFO:root:? Saved checkpoint_last.pt (epoch 86, val_loss: 0.042825)
INFO:root:Epoch 87, Step 500, loss: 0.0577, disc_loss: 0.0022, PESQ: 2.4562
INFO:root:Epoch 87, Step 1000, loss: 0.0575, disc_loss: 0.0022, PESQ: 2.4657
INFO:root:Epoch 87, Step 1500, loss: 0.0576, disc_loss: 0.0023, PESQ: 2.4612
INFO:root:TEST - Generator loss: 0.0426, Discriminator loss: 0.0045, PESQ: 2.7203
INFO:root:? Saved checkpoint_last.pt (epoch 87, val_loss: 0.042628)
INFO:root:Epoch 88, Step 500, loss: 0.0580, disc_loss: 0.0023, PESQ: 2.4623
INFO:root:Epoch 88, Step 1000, loss: 0.0577, disc_loss: 0.0023, PESQ: 2.4580
INFO:root:Epoch 88, Step 1500, loss: 0.0576, disc_loss: 0.0023, PESQ: 2.4525
INFO:root:TEST - Generator loss: 0.0428, Discriminator loss: 0.0050, PESQ: 2.7620
INFO:root:? Saved checkpoint_last.pt (epoch 88, val_loss: 0.042800)
INFO:root:Epoch 89, Step 500, loss: 0.0577, disc_loss: 0.0022, PESQ: 2.4621
INFO:root:Epoch 89, Step 1000, loss: 0.0577, disc_loss: 0.0023, PESQ: 2.4525
INFO:root:Epoch 89, Step 1500, loss: 0.0578, disc_loss: 0.0023, PESQ: 2.4539
INFO:root:TEST - Generator loss: 0.0429, Discriminator loss: 0.0043, PESQ: 2.7496
INFO:root:? Saved checkpoint_last.pt (epoch 89, val_loss: 0.042937)
INFO:root:Epoch 90, Step 500, loss: 0.0574, disc_loss: 0.0020, PESQ: 2.4726
INFO:root:Epoch 90, Step 1000, loss: 0.0577, disc_loss: 0.0021, PESQ: 2.4629
INFO:root:Epoch 90, Step 1500, loss: 0.0577, disc_loss: 0.0022, PESQ: 2.4610
INFO:root:TEST - Generator loss: 0.0430, Discriminator loss: 0.0047, PESQ: 2.7699
INFO:root:? Saved checkpoint_last.pt (epoch 90, val_loss: 0.042959)
INFO:root:Epoch 91, Step 500, loss: 0.0576, disc_loss: 0.0023, PESQ: 2.4619
INFO:root:Epoch 91, Step 1000, loss: 0.0576, disc_loss: 0.0022, PESQ: 2.4654
INFO:root:Epoch 91, Step 1500, loss: 0.0578, disc_loss: 0.0022, PESQ: 2.4568
INFO:root:TEST - Generator loss: 0.0436, Discriminator loss: 0.0048, PESQ: 2.7253
INFO:root:? Saved checkpoint_last.pt (epoch 91, val_loss: 0.043560)
INFO:root:Epoch 92, Step 500, loss: 0.0570, disc_loss: 0.0024, PESQ: 2.4664
INFO:root:Epoch 92, Step 1000, loss: 0.0570, disc_loss: 0.0024, PESQ: 2.4722
INFO:root:Epoch 92, Step 1500, loss: 0.0574, disc_loss: 0.0023, PESQ: 2.4636
INFO:root:TEST - Generator loss: 0.0426, Discriminator loss: 0.0050, PESQ: 2.7374
INFO:root:? Saved checkpoint_last.pt (epoch 92, val_loss: 0.042582)
INFO:root:Epoch 93, Step 500, loss: 0.0576, disc_loss: 0.0024, PESQ: 2.4692
INFO:root:Epoch 93, Step 1000, loss: 0.0576, disc_loss: 0.0023, PESQ: 2.4614
INFO:root:Epoch 93, Step 1500, loss: 0.0576, disc_loss: 0.0022, PESQ: 2.4607
INFO:root:TEST - Generator loss: 0.0430, Discriminator loss: 0.0041, PESQ: 2.7947
INFO:root:? Saved checkpoint_last.pt (epoch 93, val_loss: 0.042968)
INFO:root:Epoch 94, Step 500, loss: 0.0577, disc_loss: 0.0023, PESQ: 2.4584
INFO:root:Epoch 94, Step 1000, loss: 0.0575, disc_loss: 0.0023, PESQ: 2.4602
INFO:root:Epoch 94, Step 1500, loss: 0.0578, disc_loss: 0.0023, PESQ: 2.4529
INFO:root:TEST - Generator loss: 0.0423, Discriminator loss: 0.0040, PESQ: 2.7627
INFO:root:? Saved checkpoint_last.pt (epoch 94, val_loss: 0.042273)
INFO:root:?? NEW BEST! Saved checkpoint_best.pt (val_loss: 0.042273)
INFO:root:Epoch 95, Step 500, loss: 0.0579, disc_loss: 0.0024, PESQ: 2.4577
INFO:root:Epoch 95, Step 1000, loss: 0.0576, disc_loss: 0.0023, PESQ: 2.4599
INFO:root:Epoch 95, Step 1500, loss: 0.0575, disc_loss: 0.0023, PESQ: 2.4641
INFO:root:TEST - Generator loss: 0.0423, Discriminator loss: 0.0046, PESQ: 2.7853
INFO:root:? Saved checkpoint_last.pt (epoch 95, val_loss: 0.042279)
INFO:root:Epoch 96, Step 500, loss: 0.0569, disc_loss: 0.0022, PESQ: 2.4895
INFO:root:Epoch 96, Step 1000, loss: 0.0572, disc_loss: 0.0023, PESQ: 2.4748
INFO:root:Epoch 96, Step 1500, loss: 0.0573, disc_loss: 0.0023, PESQ: 2.4687
INFO:root:TEST - Generator loss: 0.0427, Discriminator loss: 0.0054, PESQ: 2.7637
INFO:root:? Saved checkpoint_last.pt (epoch 96, val_loss: 0.042722)
INFO:root:Epoch 97, Step 500, loss: 0.0579, disc_loss: 0.0023, PESQ: 2.4495
INFO:root:Epoch 97, Step 1000, loss: 0.0575, disc_loss: 0.0023, PESQ: 2.4613
INFO:root:Epoch 97, Step 1500, loss: 0.0575, disc_loss: 0.0023, PESQ: 2.4620
INFO:root:TEST - Generator loss: 0.0427, Discriminator loss: 0.0044, PESQ: 2.7476
INFO:root:? Saved checkpoint_last.pt (epoch 97, val_loss: 0.042680)
INFO:root:Epoch 98, Step 500, loss: 0.0580, disc_loss: 0.0022, PESQ: 2.4616
INFO:root:Epoch 98, Step 1000, loss: 0.0577, disc_loss: 0.0022, PESQ: 2.4626
INFO:root:Epoch 98, Step 1500, loss: 0.0574, disc_loss: 0.0023, PESQ: 2.4707
INFO:root:TEST - Generator loss: 0.0420, Discriminator loss: 0.0057, PESQ: 2.7535
INFO:root:? Saved checkpoint_last.pt (epoch 98, val_loss: 0.041968)
INFO:root:?? NEW BEST! Saved checkpoint_best.pt (val_loss: 0.041968)
INFO:root:Epoch 99, Step 500, loss: 0.0577, disc_loss: 0.0023, PESQ: 2.4767
INFO:root:Epoch 99, Step 1000, loss: 0.0576, disc_loss: 0.0023, PESQ: 2.4674
INFO:root:Epoch 99, Step 1500, loss: 0.0576, disc_loss: 0.0023, PESQ: 2.4667
INFO:root:TEST - Generator loss: 0.0431, Discriminator loss: 0.0048, PESQ: 2.7770
INFO:root:? Saved checkpoint_last.pt (epoch 99, val_loss: 0.043083)
INFO:root:Epoch 100, Step 500, loss: 0.0582, disc_loss: 0.0021, PESQ: 2.4560
INFO:root:Epoch 100, Step 1000, loss: 0.0576, disc_loss: 0.0022, PESQ: 2.4630
INFO:root:Epoch 100, Step 1500, loss: 0.0575, disc_loss: 0.0023, PESQ: 2.4648
INFO:root:TEST - Generator loss: 0.0425, Discriminator loss: 0.0060, PESQ: 2.7428
INFO:root:? Saved checkpoint_last.pt (epoch 100, val_loss: 0.042519)
INFO:root:Epoch 101, Step 500, loss: 0.0570, disc_loss: 0.0023, PESQ: 2.4740
INFO:root:Epoch 101, Step 1000, loss: 0.0572, disc_loss: 0.0022, PESQ: 2.4669
INFO:root:Epoch 101, Step 1500, loss: 0.0573, disc_loss: 0.0022, PESQ: 2.4680
INFO:root:TEST - Generator loss: 0.0431, Discriminator loss: 0.0048, PESQ: 2.7354
INFO:root:? Saved checkpoint_last.pt (epoch 101, val_loss: 0.043142)
INFO:root:Epoch 102, Step 500, loss: 0.0571, disc_loss: 0.0022, PESQ: 2.4666
INFO:root:Epoch 102, Step 1000, loss: 0.0574, disc_loss: 0.0022, PESQ: 2.4656
INFO:root:Epoch 102, Step 1500, loss: 0.0574, disc_loss: 0.0022, PESQ: 2.4669
INFO:root:TEST - Generator loss: 0.0424, Discriminator loss: 0.0044, PESQ: 2.7350
INFO:root:? Saved checkpoint_last.pt (epoch 102, val_loss: 0.042352)
INFO:root:Epoch 103, Step 500, loss: 0.0573, disc_loss: 0.0020, PESQ: 2.4634
INFO:root:Epoch 103, Step 1000, loss: 0.0571, disc_loss: 0.0022, PESQ: 2.4683
INFO:root:Epoch 103, Step 1500, loss: 0.0573, disc_loss: 0.0022, PESQ: 2.4689
INFO:root:TEST - Generator loss: 0.0436, Discriminator loss: 0.0051, PESQ: 2.7280
INFO:root:? Saved checkpoint_last.pt (epoch 103, val_loss: 0.043551)
INFO:root:Epoch 104, Step 500, loss: 0.0575, disc_loss: 0.0020, PESQ: 2.4813
INFO:root:Epoch 104, Step 1000, loss: 0.0576, disc_loss: 0.0021, PESQ: 2.4732
INFO:root:Epoch 104, Step 1500, loss: 0.0576, disc_loss: 0.0022, PESQ: 2.4639
INFO:root:TEST - Generator loss: 0.0430, Discriminator loss: 0.0045, PESQ: 2.7816
INFO:root:? Saved checkpoint_last.pt (epoch 104, val_loss: 0.042963)
INFO:root:Epoch 105, Step 500, loss: 0.0571, disc_loss: 0.0022, PESQ: 2.4835
INFO:root:Epoch 105, Step 1000, loss: 0.0572, disc_loss: 0.0022, PESQ: 2.4796
INFO:root:Epoch 105, Step 1500, loss: 0.0573, disc_loss: 0.0023, PESQ: 2.4734
INFO:root:TEST - Generator loss: 0.0426, Discriminator loss: 0.0045, PESQ: 2.7939
INFO:root:? Saved checkpoint_last.pt (epoch 105, val_loss: 0.042567)
INFO:root:Epoch 106, Step 500, loss: 0.0573, disc_loss: 0.0022, PESQ: 2.4762
INFO:root:Epoch 106, Step 1000, loss: 0.0571, disc_loss: 0.0022, PESQ: 2.4747
INFO:root:Epoch 106, Step 1500, loss: 0.0571, disc_loss: 0.0022, PESQ: 2.4782
INFO:root:TEST - Generator loss: 0.0423, Discriminator loss: 0.0047, PESQ: 2.7727
INFO:root:? Saved checkpoint_last.pt (epoch 106, val_loss: 0.042268)
INFO:root:Epoch 107, Step 500, loss: 0.0567, disc_loss: 0.0023, PESQ: 2.4841
INFO:root:Epoch 107, Step 1000, loss: 0.0569, disc_loss: 0.0022, PESQ: 2.4810
INFO:root:Epoch 107, Step 1500, loss: 0.0570, disc_loss: 0.0022, PESQ: 2.4747
INFO:root:TEST - Generator loss: 0.0425, Discriminator loss: 0.0048, PESQ: 2.7499
INFO:root:? Saved checkpoint_last.pt (epoch 107, val_loss: 0.042491)
INFO:root:Epoch 108, Step 500, loss: 0.0572, disc_loss: 0.0022, PESQ: 2.4848
INFO:root:Epoch 108, Step 1000, loss: 0.0572, disc_loss: 0.0022, PESQ: 2.4762
INFO:root:Epoch 108, Step 1500, loss: 0.0572, disc_loss: 0.0022, PESQ: 2.4757
INFO:root:TEST - Generator loss: 0.0428, Discriminator loss: 0.0061, PESQ: 2.7413
INFO:root:? Saved checkpoint_last.pt (epoch 108, val_loss: 0.042833)
INFO:root:Epoch 109, Step 500, loss: 0.0580, disc_loss: 0.0022, PESQ: 2.4454
INFO:root:Epoch 109, Step 1000, loss: 0.0573, disc_loss: 0.0022, PESQ: 2.4704
INFO:root:Epoch 109, Step 1500, loss: 0.0573, disc_loss: 0.0022, PESQ: 2.4733
INFO:root:TEST - Generator loss: 0.0422, Discriminator loss: 0.0048, PESQ: 2.7814
INFO:root:? Saved checkpoint_last.pt (epoch 109, val_loss: 0.042220)
INFO:root:Epoch 110, Step 500, loss: 0.0580, disc_loss: 0.0021, PESQ: 2.4591
INFO:root:Epoch 110, Step 1000, loss: 0.0573, disc_loss: 0.0021, PESQ: 2.4805
INFO:root:Epoch 110, Step 1500, loss: 0.0571, disc_loss: 0.0022, PESQ: 2.4835
INFO:root:TEST - Generator loss: 0.0422, Discriminator loss: 0.0050, PESQ: 2.8007
INFO:root:? Saved checkpoint_last.pt (epoch 110, val_loss: 0.042168)
INFO:root:Epoch 111, Step 500, loss: 0.0568, disc_loss: 0.0022, PESQ: 2.4806
INFO:root:Epoch 111, Step 1000, loss: 0.0571, disc_loss: 0.0022, PESQ: 2.4747
INFO:root:Epoch 111, Step 1500, loss: 0.0571, disc_loss: 0.0022, PESQ: 2.4773
INFO:root:TEST - Generator loss: 0.0427, Discriminator loss: 0.0050, PESQ: 2.7671
INFO:root:? Saved checkpoint_last.pt (epoch 111, val_loss: 0.042691)
INFO:root:Epoch 112, Step 500, loss: 0.0572, disc_loss: 0.0021, PESQ: 2.4788
INFO:root:Epoch 112, Step 1000, loss: 0.0569, disc_loss: 0.0021, PESQ: 2.4809
INFO:root:Epoch 112, Step 1500, loss: 0.0571, disc_loss: 0.0022, PESQ: 2.4782
INFO:root:TEST - Generator loss: 0.0423, Discriminator loss: 0.0048, PESQ: 2.7704
INFO:root:? Saved checkpoint_last.pt (epoch 112, val_loss: 0.042315)
INFO:root:Epoch 113, Step 500, loss: 0.0570, disc_loss: 0.0022, PESQ: 2.4873
INFO:root:Epoch 113, Step 1000, loss: 0.0572, disc_loss: 0.0022, PESQ: 2.4818
INFO:root:Epoch 113, Step 1500, loss: 0.0571, disc_loss: 0.0022, PESQ: 2.4790
INFO:root:TEST - Generator loss: 0.0422, Discriminator loss: 0.0044, PESQ: 2.7685
INFO:root:? Saved checkpoint_last.pt (epoch 113, val_loss: 0.042239)
INFO:root:Epoch 114, Step 500, loss: 0.0567, disc_loss: 0.0022, PESQ: 2.4961
INFO:root:Epoch 114, Step 1000, loss: 0.0570, disc_loss: 0.0022, PESQ: 2.4843
INFO:root:Epoch 114, Step 1500, loss: 0.0571, disc_loss: 0.0022, PESQ: 2.4783
INFO:root:TEST - Generator loss: 0.0420, Discriminator loss: 0.0044, PESQ: 2.7903
INFO:root:? Saved checkpoint_last.pt (epoch 114, val_loss: 0.042043)
INFO:root:Epoch 115, Step 500, loss: 0.0570, disc_loss: 0.0023, PESQ: 2.4793
INFO:root:Epoch 115, Step 1000, loss: 0.0570, disc_loss: 0.0023, PESQ: 2.4825
INFO:root:Epoch 115, Step 1500, loss: 0.0570, disc_loss: 0.0023, PESQ: 2.4799
INFO:root:TEST - Generator loss: 0.0432, Discriminator loss: 0.0045, PESQ: 2.7403
INFO:root:? Saved checkpoint_last.pt (epoch 115, val_loss: 0.043207)
INFO:root:Epoch 116, Step 500, loss: 0.0571, disc_loss: 0.0020, PESQ: 2.4820
INFO:root:Epoch 116, Step 1000, loss: 0.0573, disc_loss: 0.0021, PESQ: 2.4780
INFO:root:Epoch 116, Step 1500, loss: 0.0572, disc_loss: 0.0021, PESQ: 2.4789
INFO:root:TEST - Generator loss: 0.0423, Discriminator loss: 0.0042, PESQ: 2.7936
INFO:root:? Saved checkpoint_last.pt (epoch 116, val_loss: 0.042276)
INFO:root:Epoch 117, Step 500, loss: 0.0568, disc_loss: 0.0022, PESQ: 2.4909
INFO:root:Epoch 117, Step 1000, loss: 0.0568, disc_loss: 0.0022, PESQ: 2.4920
INFO:root:Epoch 117, Step 1500, loss: 0.0569, disc_loss: 0.0022, PESQ: 2.4873
INFO:root:TEST - Generator loss: 0.0427, Discriminator loss: 0.0045, PESQ: 2.7581
INFO:root:? Saved checkpoint_last.pt (epoch 117, val_loss: 0.042733)
INFO:root:Epoch 118, Step 500, loss: 0.0570, disc_loss: 0.0022, PESQ: 2.4778
INFO:root:Epoch 118, Step 1000, loss: 0.0569, disc_loss: 0.0021, PESQ: 2.4818
INFO:root:Epoch 118, Step 1500, loss: 0.0570, disc_loss: 0.0022, PESQ: 2.4793
INFO:root:TEST - Generator loss: 0.0430, Discriminator loss: 0.0055, PESQ: 2.7133
INFO:root:? Saved checkpoint_last.pt (epoch 118, val_loss: 0.043047)
INFO:root:Epoch 119, Step 500, loss: 0.0572, disc_loss: 0.0022, PESQ: 2.4894
INFO:root:Epoch 119, Step 1000, loss: 0.0573, disc_loss: 0.0022, PESQ: 2.4843
INFO:root:Epoch 119, Step 1500, loss: 0.0571, disc_loss: 0.0022, PESQ: 2.4883
INFO:root:TEST - Generator loss: 0.0418, Discriminator loss: 0.0046, PESQ: 2.7895
INFO:root:? Saved checkpoint_last.pt (epoch 119, val_loss: 0.041805)
INFO:root:?? NEW BEST! Saved checkpoint_best.pt (val_loss: 0.041805)
INFO:root:Epoch 120, Step 500, loss: 0.0574, disc_loss: 0.0021, PESQ: 2.4706
INFO:root:Epoch 120, Step 1000, loss: 0.0576, disc_loss: 0.0021, PESQ: 2.4694
INFO:root:Epoch 120, Step 1500, loss: 0.0571, disc_loss: 0.0022, PESQ: 2.4819
INFO:root:TEST - Generator loss: 0.0428, Discriminator loss: 0.0052, PESQ: 2.7568
INFO:root:? Saved checkpoint_last.pt (epoch 120, val_loss: 0.042771)
INFO:root:Epoch 121, Step 500, loss: 0.0566, disc_loss: 0.0024, PESQ: 2.4919
INFO:root:Epoch 121, Step 1000, loss: 0.0569, disc_loss: 0.0022, PESQ: 2.4837
INFO:root:Epoch 121, Step 1500, loss: 0.0570, disc_loss: 0.0022, PESQ: 2.4821
INFO:root:TEST - Generator loss: 0.0418, Discriminator loss: 0.0041, PESQ: 2.7762
INFO:root:? Saved checkpoint_last.pt (epoch 121, val_loss: 0.041752)
INFO:root:?? NEW BEST! Saved checkpoint_best.pt (val_loss: 0.041752)
INFO:root:Epoch 122, Step 500, loss: 0.0560, disc_loss: 0.0021, PESQ: 2.5112
INFO:root:Epoch 122, Step 1000, loss: 0.0562, disc_loss: 0.0021, PESQ: 2.5042
INFO:root:Epoch 122, Step 1500, loss: 0.0567, disc_loss: 0.0021, PESQ: 2.4915
INFO:root:TEST - Generator loss: 0.0423, Discriminator loss: 0.0046, PESQ: 2.7675
INFO:root:? Saved checkpoint_last.pt (epoch 122, val_loss: 0.042333)
INFO:root:Epoch 123, Step 500, loss: 0.0575, disc_loss: 0.0022, PESQ: 2.4680
INFO:root:Epoch 123, Step 1000, loss: 0.0568, disc_loss: 0.0022, PESQ: 2.4902
INFO:root:Epoch 123, Step 1500, loss: 0.0568, disc_loss: 0.0022, PESQ: 2.4920
INFO:root:TEST - Generator loss: 0.0419, Discriminator loss: 0.0052, PESQ: 2.7309
INFO:root:? Saved checkpoint_last.pt (epoch 123, val_loss: 0.041905)
INFO:root:Epoch 124, Step 500, loss: 0.0565, disc_loss: 0.0022, PESQ: 2.4971
INFO:root:Epoch 124, Step 1000, loss: 0.0571, disc_loss: 0.0022, PESQ: 2.4825
INFO:root:Epoch 124, Step 1500, loss: 0.0570, disc_loss: 0.0022, PESQ: 2.4843
INFO:root:TEST - Generator loss: 0.0419, Discriminator loss: 0.0051, PESQ: 2.7970
INFO:root:? Saved checkpoint_last.pt (epoch 124, val_loss: 0.041902)
INFO:root:Epoch 125, Step 500, loss: 0.2586, disc_loss: 0.0031, PESQ: 2.4620
INFO:root:Epoch 125, Step 1000, loss: 0.2538, disc_loss: 0.0028, PESQ: 2.4920
INFO:root:Epoch 125, Step 1500, loss: 0.2521, disc_loss: 0.0026, PESQ: 2.5036
INFO:root:TEST - Generator loss: 0.1680, Discriminator loss: 0.0038, PESQ: 2.9357
INFO:root:? Saved checkpoint_last.pt (epoch 125, val_loss: 0.167979)
INFO:root:Epoch 126, Step 500, loss: 0.2393, disc_loss: 0.0023, PESQ: 2.5794
INFO:root:Epoch 126, Step 1000, loss: 0.2409, disc_loss: 0.0024, PESQ: 2.5681
INFO:root:Epoch 126, Step 1500, loss: 0.2410, disc_loss: 0.0023, PESQ: 2.5683
INFO:root:TEST - Generator loss: 0.1645, Discriminator loss: 0.0039, PESQ: 2.9236
INFO:root:? Saved checkpoint_last.pt (epoch 126, val_loss: 0.164450)
INFO:root:Epoch 127, Step 500, loss: 0.2392, disc_loss: 0.0022, PESQ: 2.5882
INFO:root:Epoch 127, Step 1000, loss: 0.2406, disc_loss: 0.0023, PESQ: 2.5792
INFO:root:Epoch 127, Step 1500, loss: 0.2406, disc_loss: 0.0023, PESQ: 2.5772
INFO:root:TEST - Generator loss: 0.1655, Discriminator loss: 0.0036, PESQ: 2.9419
INFO:root:? Saved checkpoint_last.pt (epoch 127, val_loss: 0.165546)
INFO:root:Epoch 128, Step 500, loss: 0.2448, disc_loss: 0.0022, PESQ: 2.5610
INFO:root:Epoch 128, Step 1000, loss: 0.2451, disc_loss: 0.0022, PESQ: 2.5590
INFO:root:Epoch 128, Step 1500, loss: 0.2443, disc_loss: 0.0022, PESQ: 2.5645
INFO:root:TEST - Generator loss: 0.1683, Discriminator loss: 0.0033, PESQ: 2.9550
INFO:root:? Saved checkpoint_last.pt (epoch 128, val_loss: 0.168304)
INFO:root:Epoch 129, Step 500, loss: 0.2407, disc_loss: 0.0023, PESQ: 2.5911
INFO:root:Epoch 129, Step 1000, loss: 0.2402, disc_loss: 0.0023, PESQ: 2.5898
INFO:root:Epoch 129, Step 1500, loss: 0.2400, disc_loss: 0.0023, PESQ: 2.5909
INFO:root:TEST - Generator loss: 0.1700, Discriminator loss: 0.0039, PESQ: 2.9309
INFO:root:? Saved checkpoint_last.pt (epoch 129, val_loss: 0.170024)
INFO:root:Epoch 130, Step 500, loss: 0.2398, disc_loss: 0.0022, PESQ: 2.5860
INFO:root:Epoch 130, Step 1000, loss: 0.2422, disc_loss: 0.0022, PESQ: 2.5749
INFO:root:Epoch 130, Step 1500, loss: 0.2418, disc_loss: 0.0022, PESQ: 2.5802
INFO:root:TEST - Generator loss: 0.1638, Discriminator loss: 0.0034, PESQ: 2.9573
INFO:root:? Saved checkpoint_last.pt (epoch 130, val_loss: 0.163832)
INFO:root:Epoch 131, Step 500, loss: 0.2425, disc_loss: 0.0020, PESQ: 2.5839
INFO:root:Epoch 131, Step 1000, loss: 0.2427, disc_loss: 0.0021, PESQ: 2.5805
INFO:root:Epoch 131, Step 1500, loss: 0.2426, disc_loss: 0.0022, PESQ: 2.5808
INFO:root:TEST - Generator loss: 0.1706, Discriminator loss: 0.0040, PESQ: 2.9431
INFO:root:? Saved checkpoint_last.pt (epoch 131, val_loss: 0.170576)
INFO:root:Epoch 132, Step 500, loss: 0.2418, disc_loss: 0.0022, PESQ: 2.5852
INFO:root:Epoch 132, Step 1000, loss: 0.2391, disc_loss: 0.0022, PESQ: 2.6018
INFO:root:Epoch 132, Step 1500, loss: 0.2395, disc_loss: 0.0022, PESQ: 2.6018
INFO:root:TEST - Generator loss: 0.1664, Discriminator loss: 0.0035, PESQ: 2.9433
INFO:root:? Saved checkpoint_last.pt (epoch 132, val_loss: 0.166429)
INFO:root:Epoch 133, Step 500, loss: 0.2388, disc_loss: 0.0021, PESQ: 2.6114
INFO:root:Epoch 133, Step 1000, loss: 0.2396, disc_loss: 0.0021, PESQ: 2.6036
INFO:root:Epoch 133, Step 1500, loss: 0.2410, disc_loss: 0.0021, PESQ: 2.5936
INFO:root:TEST - Generator loss: 0.1652, Discriminator loss: 0.0040, PESQ: 2.9557
INFO:root:? Saved checkpoint_last.pt (epoch 133, val_loss: 0.165204)
INFO:root:Epoch 134, Step 500, loss: 0.2380, disc_loss: 0.0022, PESQ: 2.6075
INFO:root:Epoch 134, Step 1000, loss: 0.2380, disc_loss: 0.0021, PESQ: 2.6076
INFO:root:Epoch 134, Step 1500, loss: 0.2376, disc_loss: 0.0021, PESQ: 2.6095
INFO:root:TEST - Generator loss: 0.1707, Discriminator loss: 0.0035, PESQ: 2.9734
INFO:root:? Saved checkpoint_last.pt (epoch 134, val_loss: 0.170729)
INFO:root:Epoch 135, Step 500, loss: 0.2365, disc_loss: 0.0021, PESQ: 2.6172
INFO:root:Epoch 135, Step 1000, loss: 0.2359, disc_loss: 0.0021, PESQ: 2.6181
INFO:root:Epoch 135, Step 1500, loss: 0.2371, disc_loss: 0.0021, PESQ: 2.6150
INFO:root:TEST - Generator loss: 0.1801, Discriminator loss: 0.0040, PESQ: 2.9418
INFO:root:? Saved checkpoint_last.pt (epoch 135, val_loss: 0.180107)
INFO:root:Epoch 136, Step 500, loss: 0.2390, disc_loss: 0.0022, PESQ: 2.6021
INFO:root:Epoch 136, Step 1000, loss: 0.2398, disc_loss: 0.0022, PESQ: 2.6017
INFO:root:Epoch 136, Step 1500, loss: 0.2398, disc_loss: 0.0022, PESQ: 2.6000
INFO:root:TEST - Generator loss: 0.1687, Discriminator loss: 0.0030, PESQ: 2.9430
INFO:root:? Saved checkpoint_last.pt (epoch 136, val_loss: 0.168709)
INFO:root:Epoch 137, Step 500, loss: 0.2414, disc_loss: 0.0021, PESQ: 2.5937
INFO:root:Epoch 137, Step 1000, loss: 0.2430, disc_loss: 0.0021, PESQ: 2.5880
INFO:root:Epoch 137, Step 1500, loss: 0.2415, disc_loss: 0.0021, PESQ: 2.5936
INFO:root:TEST - Generator loss: 0.1762, Discriminator loss: 0.0031, PESQ: 2.9580
INFO:root:? Saved checkpoint_last.pt (epoch 137, val_loss: 0.176210)
INFO:root:Epoch 138, Step 500, loss: 0.2397, disc_loss: 0.0020, PESQ: 2.6051
INFO:root:Epoch 138, Step 1000, loss: 0.2403, disc_loss: 0.0021, PESQ: 2.6028
INFO:root:Epoch 138, Step 1500, loss: 0.2403, disc_loss: 0.0021, PESQ: 2.6013
INFO:root:TEST - Generator loss: 0.1723, Discriminator loss: 0.0032, PESQ: 2.9358
INFO:root:? Saved checkpoint_last.pt (epoch 138, val_loss: 0.172344)
INFO:root:Epoch 139, Step 500, loss: 0.2409, disc_loss: 0.0019, PESQ: 2.5966
INFO:root:Epoch 139, Step 1000, loss: 0.2403, disc_loss: 0.0020, PESQ: 2.5987
INFO:root:Epoch 139, Step 1500, loss: 0.2400, disc_loss: 0.0020, PESQ: 2.6026
INFO:root:TEST - Generator loss: 0.1648, Discriminator loss: 0.0037, PESQ: 2.9685
INFO:root:? Saved checkpoint_last.pt (epoch 139, val_loss: 0.164814)
INFO:root:Epoch 140, Step 500, loss: 0.2421, disc_loss: 0.0020, PESQ: 2.5963
INFO:root:Epoch 140, Step 1000, loss: 0.2416, disc_loss: 0.0021, PESQ: 2.5987
INFO:root:Epoch 140, Step 1500, loss: 0.2391, disc_loss: 0.0021, PESQ: 2.6092
INFO:root:TEST - Generator loss: 0.1705, Discriminator loss: 0.0035, PESQ: 2.9391
INFO:root:? Saved checkpoint_last.pt (epoch 140, val_loss: 0.170476)
INFO:root:Epoch 141, Step 500, loss: 0.2410, disc_loss: 0.0019, PESQ: 2.5938
INFO:root:Epoch 141, Step 1000, loss: 0.2384, disc_loss: 0.0020, PESQ: 2.6057
INFO:root:Epoch 141, Step 1500, loss: 0.2390, disc_loss: 0.0020, PESQ: 2.6061
INFO:root:TEST - Generator loss: 0.1780, Discriminator loss: 0.0039, PESQ: 2.9860
INFO:root:? Saved checkpoint_last.pt (epoch 141, val_loss: 0.178041)
INFO:root:Epoch 142, Step 500, loss: 0.2363, disc_loss: 0.0021, PESQ: 2.6249
INFO:root:Epoch 142, Step 1000, loss: 0.2376, disc_loss: 0.0021, PESQ: 2.6192
INFO:root:Epoch 142, Step 1500, loss: 0.2380, disc_loss: 0.0020, PESQ: 2.6189
INFO:root:TEST - Generator loss: 0.1746, Discriminator loss: 0.0034, PESQ: 2.9484
INFO:root:? Saved checkpoint_last.pt (epoch 142, val_loss: 0.174561)
INFO:root:Epoch 143, Step 500, loss: 0.2376, disc_loss: 0.0019, PESQ: 2.6308
INFO:root:Epoch 143, Step 1000, loss: 0.2388, disc_loss: 0.0019, PESQ: 2.6224
INFO:root:Epoch 143, Step 1500, loss: 0.2379, disc_loss: 0.0019, PESQ: 2.6241
INFO:root:TEST - Generator loss: 0.1714, Discriminator loss: 0.0041, PESQ: 2.9682
INFO:root:? Saved checkpoint_last.pt (epoch 143, val_loss: 0.171408)
INFO:root:Epoch 144, Step 500, loss: 0.2339, disc_loss: 0.0020, PESQ: 2.6382
INFO:root:Epoch 144, Step 1000, loss: 0.2361, disc_loss: 0.0020, PESQ: 2.6272
INFO:root:Epoch 144, Step 1500, loss: 0.2384, disc_loss: 0.0020, PESQ: 2.6162
INFO:root:TEST - Generator loss: 0.1661, Discriminator loss: 0.0033, PESQ: 2.9571
INFO:root:? Saved checkpoint_last.pt (epoch 144, val_loss: 0.166092)
INFO:root:Epoch 145, Step 500, loss: 0.2370, disc_loss: 0.0020, PESQ: 2.6257
INFO:root:Epoch 145, Step 1000, loss: 0.2389, disc_loss: 0.0020, PESQ: 2.6160
INFO:root:Epoch 145, Step 1500, loss: 0.2381, disc_loss: 0.0020, PESQ: 2.6183
INFO:root:TEST - Generator loss: 0.1663, Discriminator loss: 0.0034, PESQ: 2.9420
INFO:root:? Saved checkpoint_last.pt (epoch 145, val_loss: 0.166258)
INFO:root:Epoch 146, Step 500, loss: 0.2413, disc_loss: 0.0020, PESQ: 2.5973
INFO:root:Epoch 146, Step 1000, loss: 0.2388, disc_loss: 0.0020, PESQ: 2.6121
INFO:root:Epoch 146, Step 1500, loss: 0.2378, disc_loss: 0.0020, PESQ: 2.6173
INFO:root:TEST - Generator loss: 0.1638, Discriminator loss: 0.0032, PESQ: 2.9570
INFO:root:? Saved checkpoint_last.pt (epoch 146, val_loss: 0.163780)
INFO:root:Epoch 147, Step 500, loss: 0.2365, disc_loss: 0.0020, PESQ: 2.6214
INFO:root:Epoch 147, Step 1000, loss: 0.2359, disc_loss: 0.0020, PESQ: 2.6263
INFO:root:Epoch 147, Step 1500, loss: 0.2377, disc_loss: 0.0019, PESQ: 2.6187
INFO:root:TEST - Generator loss: 0.1715, Discriminator loss: 0.0027, PESQ: 2.9779
INFO:root:? Saved checkpoint_last.pt (epoch 147, val_loss: 0.171508)
INFO:root:Epoch 148, Step 500, loss: 0.2358, disc_loss: 0.0021, PESQ: 2.6263
INFO:root:Epoch 148, Step 1000, loss: 0.2366, disc_loss: 0.0020, PESQ: 2.6243
INFO:root:Epoch 148, Step 1500, loss: 0.2369, disc_loss: 0.0020, PESQ: 2.6247
INFO:root:TEST - Generator loss: 0.1743, Discriminator loss: 0.0033, PESQ: 2.9992
INFO:root:? Saved checkpoint_last.pt (epoch 148, val_loss: 0.174272)
INFO:root:Epoch 149, Step 500, loss: 0.2393, disc_loss: 0.0018, PESQ: 2.6200
INFO:root:Epoch 149, Step 1000, loss: 0.2380, disc_loss: 0.0019, PESQ: 2.6295
INFO:root:Epoch 149, Step 1500, loss: 0.2373, disc_loss: 0.0019, PESQ: 2.6304
INFO:root:TEST - Generator loss: 0.1711, Discriminator loss: 0.0028, PESQ: 2.9634
INFO:root:? Saved checkpoint_last.pt (epoch 149, val_loss: 0.171107)
INFO:root:Epoch 150, Step 500, loss: 0.2348, disc_loss: 0.0019, PESQ: 2.6403
INFO:root:Epoch 150, Step 1000, loss: 0.2386, disc_loss: 0.0020, PESQ: 2.6198
INFO:root:Epoch 150, Step 1500, loss: 0.2378, disc_loss: 0.0019, PESQ: 2.6233
INFO:root:TEST - Generator loss: 0.1728, Discriminator loss: 0.0028, PESQ: 2.9143
INFO:root:? Saved checkpoint_last.pt (epoch 150, val_loss: 0.172788)
INFO:root:Epoch 151, Step 500, loss: 0.2339, disc_loss: 0.0019, PESQ: 2.6432
INFO:root:Epoch 151, Step 1000, loss: 0.2355, disc_loss: 0.0019, PESQ: 2.6355
INFO:root:Epoch 151, Step 1500, loss: 0.2371, disc_loss: 0.0019, PESQ: 2.6272
INFO:root:TEST - Generator loss: 0.1713, Discriminator loss: 0.0029, PESQ: 2.9356
INFO:root:? Saved checkpoint_last.pt (epoch 151, val_loss: 0.171308)
INFO:root:Epoch 152, Step 500, loss: 0.2353, disc_loss: 0.0019, PESQ: 2.6430
INFO:root:Epoch 152, Step 1000, loss: 0.2366, disc_loss: 0.0019, PESQ: 2.6329
INFO:root:Epoch 152, Step 1500, loss: 0.2381, disc_loss: 0.0019, PESQ: 2.6224
INFO:root:TEST - Generator loss: 0.1683, Discriminator loss: 0.0028, PESQ: 2.9474
INFO:root:? Saved checkpoint_last.pt (epoch 152, val_loss: 0.168280)
INFO:root:Epoch 153, Step 500, loss: 0.2398, disc_loss: 0.0019, PESQ: 2.6154
INFO:root:Epoch 153, Step 1000, loss: 0.2389, disc_loss: 0.0019, PESQ: 2.6178
INFO:root:Epoch 153, Step 1500, loss: 0.2393, disc_loss: 0.0019, PESQ: 2.6154
INFO:root:TEST - Generator loss: 0.1736, Discriminator loss: 0.0031, PESQ: 2.9668
INFO:root:? Saved checkpoint_last.pt (epoch 153, val_loss: 0.173637)
INFO:root:Epoch 154, Step 500, loss: 0.2362, disc_loss: 0.0019, PESQ: 2.6282
INFO:root:Epoch 154, Step 1000, loss: 0.2383, disc_loss: 0.0019, PESQ: 2.6197
INFO:root:Epoch 154, Step 1500, loss: 0.2386, disc_loss: 0.0019, PESQ: 2.6176
INFO:root:TEST - Generator loss: 0.1696, Discriminator loss: 0.0027, PESQ: 2.9585
INFO:root:? Saved checkpoint_last.pt (epoch 154, val_loss: 0.169598)
INFO:root:Epoch 155, Step 500, loss: 0.2353, disc_loss: 0.0019, PESQ: 2.6351
INFO:root:Epoch 155, Step 1000, loss: 0.2388, disc_loss: 0.0019, PESQ: 2.6182
INFO:root:Epoch 155, Step 1500, loss: 0.2403, disc_loss: 0.0019, PESQ: 2.6100
INFO:root:TEST - Generator loss: 0.1622, Discriminator loss: 0.0027, PESQ: 2.9675
INFO:root:? Saved checkpoint_last.pt (epoch 155, val_loss: 0.162224)
INFO:root:Epoch 156, Step 500, loss: 0.2406, disc_loss: 0.0018, PESQ: 2.6122
INFO:root:Epoch 156, Step 1000, loss: 0.2405, disc_loss: 0.0018, PESQ: 2.6137
INFO:root:Epoch 156, Step 1500, loss: 0.2396, disc_loss: 0.0018, PESQ: 2.6166
INFO:root:TEST - Generator loss: 0.1782, Discriminator loss: 0.0029, PESQ: 2.9475
INFO:root:? Saved checkpoint_last.pt (epoch 156, val_loss: 0.178196)
INFO:root:Epoch 157, Step 500, loss: 0.2356, disc_loss: 0.0019, PESQ: 2.6302
INFO:root:Epoch 157, Step 1000, loss: 0.2385, disc_loss: 0.0019, PESQ: 2.6180
INFO:root:Epoch 157, Step 1500, loss: 0.2382, disc_loss: 0.0019, PESQ: 2.6222
INFO:root:TEST - Generator loss: 0.1624, Discriminator loss: 0.0027, PESQ: 2.9654
INFO:root:? Saved checkpoint_last.pt (epoch 157, val_loss: 0.162432)
